C:\USERS\VITALY\DOCUMENTS\VISUAL STUDIO 2010\PROJECTS\AI PROJECT\AI PROJECT\DEBUG\AI MAIN.OBJ
C:\USERS\VITALY\DOCUMENTS\VISUAL STUDIO 2010\PROJECTS\AI PROJECT\AI PROJECT\DEBUG\AI PROJECT.EXE.INTERMEDIATE.MANIFEST
C:\USERS\VITALY\DOCUMENTS\VISUAL STUDIO 2010\PROJECTS\AI PROJECT\AI PROJECT\DEBUG\VC100.PDB
C:\USERS\VITALY\DOCUMENTS\VISUAL STUDIO 2010\PROJECTS\AI PROJECT\DEBUG\AI PROJECT.EXE
C:\USERS\VITALY\DOCUMENTS\VISUAL STUDIO 2010\PROJECTS\AI PROJECT\DEBUG\AI PROJECT.ILK
C:\USERS\VITALY\DOCUMENTS\VISUAL STUDIO 2010\PROJECTS\AI PROJECT\DEBUG\AI PROJECT.PDB
C:\USERS\VWV5007\DESKTOP\AI SOLUTION\AI PROJECT\DEBUG\AI MAIN.OBJ
C:\USERS\VWV5007\DESKTOP\AI SOLUTION\AI PROJECT\DEBUG\AI PROJECT.EXE.INTERMEDIATE.MANIFEST
C:\USERS\VWV5007\DESKTOP\AI SOLUTION\AI PROJECT\DEBUG\VC100.PDB
C:\USERS\VWV5007\DESKTOP\AI SOLUTION\DEBUG\AI PROJECT.EXE
C:\USERS\VWV5007\DESKTOP\AI SOLUTION\DEBUG\AI PROJECT.ILK
C:\USERS\VWV5007\DESKTOP\AI SOLUTION\DEBUG\AI PROJECT.PDB
E:\AI SOLUTION V2\AI PROJECT\DEBUG\AI MAIN.OBJ
E:\AI SOLUTION V2\AI PROJECT\DEBUG\AI PROJECT.EXE.INTERMEDIATE.MANIFEST
E:\Ai Solution v2\AI Project\Debug\cl.command.1.tlog
E:\Ai Solution v2\AI Project\Debug\CL.read.1.tlog
E:\Ai Solution v2\AI Project\Debug\CL.write.1.tlog
E:\Ai Solution v2\AI Project\Debug\link.command.1.tlog
E:\Ai Solution v2\AI Project\Debug\link.read.1.tlog
E:\Ai Solution v2\AI Project\Debug\link.write.1.tlog
E:\Ai Solution v2\AI Project\Debug\mt.command.1.tlog
E:\Ai Solution v2\AI Project\Debug\mt.read.1.tlog
E:\Ai Solution v2\AI Project\Debug\mt.write.1.tlog
E:\Ai Solution v2\AI Project\Debug\vc100.idb
E:\AI SOLUTION V2\AI PROJECT\DEBUG\VC100.PDB
E:\AI SOLUTION V2\DEBUG\AI PROJECT.EXE
E:\AI SOLUTION V2\DEBUG\AI PROJECT.ILK
E:\AI SOLUTION V2\DEBUG\AI PROJECT.PDB
E:\AI SOLUTION\AI PROJECT\DEBUG\AI MAIN.OBJ
E:\AI SOLUTION\AI PROJECT\DEBUG\AI PROJECT.EXE.INTERMEDIATE.MANIFEST
E:\AI SOLUTION\AI PROJECT\DEBUG\VC100.PDB
E:\AI SOLUTION\DEBUG\AI PROJECT.EXE
E:\AI SOLUTION\DEBUG\AI PROJECT.ILK
E:\AI SOLUTION\DEBUG\AI PROJECT.PDB
I:\AI SOLUTION\AI PROJECT\DEBUG\AI MAIN.OBJ
I:\AI SOLUTION\AI PROJECT\DEBUG\AI PROJECT.EXE.INTERMEDIATE.MANIFEST
I:\AI SOLUTION\AI PROJECT\DEBUG\VC100.PDB
I:\AI SOLUTION\DEBUG\AI PROJECT.EXE
I:\AI SOLUTION\DEBUG\AI PROJECT.ILK
I:\AI SOLUTION\DEBUG\AI PROJECT.PDB
